<?xml version="1.0" encoding="UTF-8" ?>
<testsuite tests="1" failures="0" name="runner.TestRunner" time="4.722" errors="0" skipped="0">
  <properties>
    <property name="PROCESSOR_ARCHITECTURE" value="AMD64"/>
    <property name="LOGONSERVER" value="\\LAPTOP-4IH3I224"/>
    <property name="ProgramData" value="C:\ProgramData"/>
    <property name="java.home" value="C:\Program Files\Amazon Corretto\jdk11.0.15_9"/>
    <property name="NODE_NAME" value="built-in"/>
    <property name="JENKINS_URL" value="http://localhost:8080/"/>
    <property name="ALLUSERSPROFILE" value="C:\ProgramData"/>
    <property name="PSModulePath" value="C:\Program Files (x86)\WindowsPowerShell\Modules;C:\WINDOWS\system32\WindowsPowerShell\v1.0\Modules;C:\Program Files (x86)\AutoIt3\AutoItX"/>
    <property name="=::" value="::\"/>
    <property name="USERDOMAIN" value="LAPTOP-4IH3I224"/>
    <property name="sun.os.patch.level" value=""/>
    <property name="java.vendor.url" value="https://aws.amazon.com/corretto/"/>
    <property name="CommonProgramFiles(x86)" value="C:\Program Files (x86)\Common Files"/>
    <property name="java.version" value="11.0.15"/>
    <property name="JOB_NAME" value="Vijay_Maven"/>
    <property name="COMPUTERNAME" value="LAPTOP-4IH3I224"/>
    <property name="ANDROID_HOME" value="C:\Users\Nagendra\AppData\Local\Android\Sdk"/>
    <property name="java.vendor.url.bug" value="https://github.com/corretto/corretto-11/issues/"/>
    <property name="PUBLIC" value="C:\Users\Public"/>
    <property name="java.version.date" value="2022-04-19"/>
    <property name="jdk.debug" value="release"/>
    <property name="user.name" value="Nagendra"/>
    <property name="sun.io.unicode.encoding" value="UnicodeLittle"/>
    <property name="sun.jnu.encoding" value="Cp1252"/>
    <property name="java.runtime.name" value="OpenJDK Runtime Environment"/>
    <property name="windir" value="C:\WINDOWS"/>
    <property name="PROCESSOR_IDENTIFIER" value="Intel64 Family 6 Model 140 Stepping 1, GenuineIntel"/>
    <property name="java.specification.name" value="Java Platform API Specification"/>
    <property name="LOCALAPPDATA" value="C:\Users\Nagendra\AppData\Local"/>
    <property name="RUN_CHANGES_DISPLAY_URL" value="http://localhost:8080/job/Vijay_Maven/4/display/redirect?page=changes"/>
    <property name="user.timezone" value="Asia/Calcutta"/>
    <property name="user.script" value=""/>
    <property name="path.separator" value=";"/>
    <property name="NUMBER_OF_PROCESSORS" value="8"/>
    <property name="BUILD_TAG" value="jenkins-Vijay_Maven-4"/>
    <property name="TERM" value="dumb"/>
    <property name="file.encoding" value="Cp1252"/>
    <property name="sun.java.command" value="jenkins.maven3.agent.Maven35Main C:\Users\Nagendra\.jenkins\tools\hudson.tasks.Maven_MavenInstallation\Maven C:\Users\Nagendra\.jenkins\war\WEB-INF\lib\remoting-3071.v7e9b_0dc08466.jar C:\Users\Nagendra\.jenkins\plugins\maven-plugin\WEB-INF\lib\maven35-interceptor-1.14.jar C:\Users\Nagendra\.jenkins\plugins\maven-plugin\WEB-INF\lib\maven3-interceptor-commons-1.14.jar 56224"/>
    <property name="HUDSON_URL" value="http://localhost:8080/"/>
    <property name="JENKINS_SERVER_COOKIE" value="ea3d04157a4c9caa"/>
    <property name="=D:" value="D:\Installation files\Jenkins"/>
    <property name="EXECUTOR_NUMBER" value="0"/>
    <property name="Path" value="C:\Program Files\Amazon Corretto\jdk11.0.15_9\bin;C:\Program Files (x86)\Common Files\Oracle\Java\javapath;C:\WINDOWS\system32;C:\WINDOWS;C:\WINDOWS\System32\Wbem;C:\WINDOWS\System32\WindowsPowerShell\v1.0\;C:\WINDOWS\System32\OpenSSH\;C:\Program Files\Java\jdk1.8.0_311\bin;C:\strawberry\c\bin;C:\strawberry\perl\bin;C:\Program Files\nodejs\;C:\Users\Nagendra\AppData\Local\Android\Sdk\tools\bin;C:\Users\Nagendra\AppData\Local\Android\Sdk\tools;C:\Users\Nagendra\AppData\Local\Android\Sdk\platform-tools;C:\Program Files\nodejs\node_modules\npm\bin;D:\Installation files\Maven\apache-maven-3.9.0-bin\apache-maven-3.9.0\bin;C:\Program Files\Git\cmd;C:\Program Files\MySQL\MySQL Shell 8.0\bin\;C:\Program Files\Java\jdk1.8.0_311\bin;C:\Users\Nagendra\AppData\Local\Microsoft\WindowsApps;C:\Users\Nagendra\AppData\Local\Programs\Microsoft VS Code\bin;C:\Users\Nagendra\AppData\Roaming\npm;"/>
    <property name="java.io.tmpdir" value="C:\Users\Nagendra\AppData\Local\Temp\"/>
    <property name="APPDATA" value="C:\Users\Nagendra\AppData\Roaming"/>
    <property name="user.language" value="en"/>
    <property name="line.separator" value="
"/>
    <property name="BUILD_URL" value="http://localhost:8080/job/Vijay_Maven/4/"/>
    <property name="M2_HOME" value="C:\Users\Nagendra\.jenkins\tools\hudson.tasks.Maven_MavenInstallation\Maven"/>
    <property name="=C:" value="C:\Users\Nagendra"/>
    <property name="ZES_ENABLE_SYSMAN" value="1"/>
    <property name="java.vm.info" value="mixed mode"/>
    <property name="DriverData" value="C:\Windows\System32\Drivers\DriverData"/>
    <property name="sun.desktop" value="windows"/>
    <property name="java.vm.specification.name" value="Java Virtual Machine Specification"/>
    <property name="CI" value="true"/>
    <property name="BUILD_DISPLAY_NAME" value="#4"/>
    <property name="OS" value="Windows_NT"/>
    <property name="guice.disable.misplaced.annotation.check" value="true"/>
    <property name="HUDSON_SERVER_COOKIE" value="ea3d04157a4c9caa"/>
    <property name="WORKSPACE_TMP" value="C:\Users\Nagendra\.jenkins\workspace\Vijay_Maven@tmp"/>
    <property name="MAVEN_HOME" value="C:\Users\Nagendra\.jenkins\tools\hudson.tasks.Maven_MavenInstallation\Maven"/>
    <property name="SESSIONNAME" value="Console"/>
    <property name="PATHEXT" value=".COM;.EXE;.BAT;.CMD;.VBS;.VBE;.JS;.JSE;.WSF;.WSH;.MSC"/>
    <property name="java.awt.printerjob" value="sun.awt.windows.WPrinterJob"/>
    <property name="maven3.interceptor.common" value="C:\Users\Nagendra\.jenkins\plugins\maven-plugin\WEB-INF\lib\maven3-interceptor-commons-1.14.jar"/>
    <property name="CLASSPATH" value=""/>
    <property name="jansi.mode" value="strip"/>
    <property name="HOMEPATH" value="\Users\Nagendra"/>
    <property name="os.name" value="Windows 11"/>
    <property name="java.specification.vendor" value="Oracle Corporation"/>
    <property name="BUILD_NUMBER" value="4"/>
    <property name="java.vm.name" value="OpenJDK 64-Bit Server VM"/>
    <property name="maven3.interceptor" value="C:\Users\Nagendra\.jenkins\plugins\maven-plugin\WEB-INF\lib\maven35-interceptor-1.14.jar"/>
    <property name="java.library.path" value="C:\Program Files\Amazon Corretto\jdk11.0.15_9\bin;C:\WINDOWS\Sun\Java\bin;C:\WINDOWS\system32;C:\WINDOWS;C:\Users\Nagendra\.jenkins\tools\hudson.tasks.Maven_MavenInstallation\Maven/bin;C:\Program Files\Amazon Corretto\jdk11.0.15_9\bin;C:\Program Files (x86)\Common Files\Oracle\Java\javapath;C:\WINDOWS\system32;C:\WINDOWS;C:\WINDOWS\System32\Wbem;C:\WINDOWS\System32\WindowsPowerShell\v1.0\;C:\WINDOWS\System32\OpenSSH\;C:\Program Files\Java\jdk1.8.0_311\bin;C:\strawberry\c\bin;C:\strawberry\perl\bin;C:\Program Files\nodejs\;C:\Users\Nagendra\AppData\Local\Android\Sdk\tools\bin;C:\Users\Nagendra\AppData\Local\Android\Sdk\tools;C:\Users\Nagendra\AppData\Local\Android\Sdk\platform-tools;C:\Program Files\nodejs\node_modules\npm\bin;D:\Installation files\Maven\apache-maven-3.9.0-bin\apache-maven-3.9.0\bin;C:\Program Files\Git\cmd;C:\Program Files\MySQL\MySQL Shell 8.0\bin\;C:\Program Files\Java\jdk1.8.0_311\bin;C:\Users\Nagendra\AppData\Local\Microsoft\WindowsApps;C:\Users\Nagendra\AppData\Local\Programs\Microsoft VS Code\bin;C:\Users\Nagendra\AppData\Roaming\npm;;."/>
    <property name="HOMEDRIVE" value="C:"/>
    <property name="POM_GROUPID" value="Cucumber"/>
    <property name="POM_ARTIFACTID" value="cucmber"/>
    <property name="java.class.version" value="55.0"/>
    <property name="JOB_URL" value="http://localhost:8080/job/Vijay_Maven/"/>
    <property name="platformcode" value="KV"/>
    <property name="OneDrive" value="C:\Users\Nagendra\OneDrive"/>
    <property name="RUN_DISPLAY_URL" value="http://localhost:8080/job/Vijay_Maven/4/display/redirect"/>
    <property name="NODE_HOME" value="C:\Program Files\nodejs"/>
    <property name="FTP_PASSIVE" value="1"/>
    <property name="JENKINS_HOME" value="C:\Users\Nagendra\.jenkins"/>
    <property name="BUILD_ID" value="4"/>
    <property name="TEMP" value="C:\Users\Nagendra\AppData\Local\Temp"/>
    <property name="sun.boot.library.path" value="C:\Program Files\Amazon Corretto\jdk11.0.15_9\bin"/>
    <property name="sun.management.compiler" value="HotSpot 64-Bit Tiered Compilers"/>
    <property name="java.awt.graphicsenv" value="sun.awt.Win32GraphicsEnvironment"/>
    <property name="user.variant" value=""/>
    <property name="PROCESSOR_REVISION" value="8c01"/>
    <property name="POM_VERSION" value="0.0.1-SNAPSHOT"/>
    <property name="HUDSON_HOME" value="C:\Users\Nagendra\.jenkins"/>
    <property name="ProgramFiles(x86)" value="C:\Program Files (x86)"/>
    <property name="PATH+MAVEN" value="C:\Users\Nagendra\.jenkins\tools\hudson.tasks.Maven_MavenInstallation\Maven/bin"/>
    <property name="USERDOMAIN_ROAMINGPROFILE" value="LAPTOP-4IH3I224"/>
    <property name="RUN_ARTIFACTS_DISPLAY_URL" value="http://localhost:8080/job/Vijay_Maven/4/display/redirect?page=artifacts"/>
    <property name="PROMPT" value="$P$G"/>
    <property name="java.vm.specification.version" value="11"/>
    <property name="JAVA_HOME" value="C:\Program Files\Java\jdk1.8.0_311\"/>
    <property name="awt.toolkit" value="sun.awt.windows.WToolkit"/>
    <property name="NODE_LABELS" value="built-in"/>
    <property name="sun.cpu.isalist" value="amd64"/>
    <property name="USERPROFILE" value="C:\Users\Nagendra"/>
    <property name="java.vm.compressedOopsMode" value="Zero based"/>
    <property name="JOB_DISPLAY_URL" value="http://localhost:8080/job/Vijay_Maven/display/redirect"/>
    <property name="os.version" value="10.0"/>
    <property name="user.home" value="C:\Users\Nagendra"/>
    <property name="USERNAME" value="Nagendra"/>
    <property name="java.vm.vendor" value="Amazon.com Inc."/>
    <property name="PROCESSOR_LEVEL" value="6"/>
    <property name="CommonProgramW6432" value="C:\Program Files\Common Files"/>
    <property name="user.dir" value="C:\Users\Nagendra\OneDrive\Desktop\Git\cucmber"/>
    <property name="maven.conf" value="C:\Users\Nagendra\.jenkins\tools\hudson.tasks.Maven_MavenInstallation\Maven\conf"/>
    <property name="ProgramW6432" value="C:\Program Files"/>
    <property name="TMP" value="C:\Users\Nagendra\AppData\Local\Temp"/>
    <property name="sun.cpu.endian" value="little"/>
    <property name="SystemDrive" value="C:"/>
    <property name="java.vm.version" value="11.0.15+9-LTS"/>
    <property name="java.class.path" value="C:\Users\Nagendra\.jenkins\plugins\maven-plugin\WEB-INF\lib\maven35-agent-1.14.jar;C:\Users\Nagendra\.jenkins\tools\hudson.tasks.Maven_MavenInstallation\Maven\boot\plexus-classworlds-2.6.0.jar;C:\Users\Nagendra\.jenkins\tools\hudson.tasks.Maven_MavenInstallation\Maven/conf/logging"/>
    <property name="org.slf4j.simpleLogger.defaultLogLevel" value="info"/>
    <property name="os.arch" value="amd64"/>
    <property name="RegionCode" value="APJ"/>
    <property name="OneDriveConsumer" value="C:\Users\Nagendra\OneDrive"/>
    <property name="WORKSPACE" value="C:\Users\Nagendra\.jenkins\workspace\Vijay_Maven"/>
    <property name="ComSpec" value="C:\WINDOWS\system32\cmd.exe"/>
    <property name="RUN_TESTS_DISPLAY_URL" value="http://localhost:8080/job/Vijay_Maven/4/display/redirect?page=tests"/>
    <property name="sun.java.launcher" value="SUN_STANDARD"/>
    <property name="SystemRoot" value="C:\WINDOWS"/>
    <property name="CommonProgramFiles" value="C:\Program Files\Common Files"/>
    <property name="java.vm.specification.vendor" value="Oracle Corporation"/>
    <property name="file.separator" value="\"/>
    <property name="java.runtime.version" value="11.0.15+9-LTS"/>
    <property name="ProgramFiles" value="C:\Program Files"/>
    <property name="OnlineServices" value="Online Services"/>
    <property name="user.country" value="IN"/>
    <property name="POM_PACKAGING" value="jar"/>
    <property name="maven.home" value="C:\Users\Nagendra\.jenkins\tools\hudson.tasks.Maven_MavenInstallation\Maven"/>
    <property name="JOB_BASE_NAME" value="Vijay_Maven"/>
    <property name="EFC_10488" value="1"/>
    <property name="java.vendor.version" value="Corretto-11.0.15.9.1"/>
    <property name="java.vendor" value="Amazon.com Inc."/>
    <property name="java.specification.version" value="11"/>
    <property name="POM_DISPLAYNAME" value="cucmber"/>
    <property name="sun.arch.data.model" value="64"/>
  </properties>
  <testcase classname="Login" name="Login with valid username and password" time="4.722"/>
</testsuite>